INFO  - [12/30/2015 10:35:AM][Application_Start][][][][START]

INFO  - [12/30/2015 10:35:AM][RegisterGlobalFilters][][][][START]

INFO  - [12/30/2015 10:35:AM][RegisterGlobalFilters][][][][END]

INFO  - [12/30/2015 10:35:AM][Application_Start][][][][END]

INFO  - [12/30/2015 11:09:AM][Application_Start][][][][START]

INFO  - [12/30/2015 11:09:AM][RegisterGlobalFilters][][][][START]

INFO  - [12/30/2015 11:09:AM][RegisterGlobalFilters][][][][END]

INFO  - [12/30/2015 11:09:AM][Application_Start][][][][END]

ERROR - [12/30/2015 11:09:AM][Gulliver.DoCol.Areas.DCW.Controllers.DCW003Controller.DCW003Index][][][::1][GLV_SYS_LoginException]
   at Gulliver.DoCol.Controllers.BaseController.OnActionExecuting(ActionExecutingContext filterContext) in d:\glv_docol\03.Source Code\1.Development\DoCol\Gulliver.DoCol\Controllers\BaseController.cs:line 131
   at System.Web.Mvc.Controller.System.Web.Mvc.IActionFilter.OnActionExecuting(ActionExecutingContext filterContext)
   at System.Web.Mvc.Async.AsyncControllerActionInvoker.InvokeActionMethodFilterAsynchronously(IActionFilter filter, ActionExecutingContext preContext, Func`1 nextInChain)
   at System.Web.Mvc.Async.AsyncControllerActionInvoker.<>c__DisplayClass37.<>c__DisplayClass39.<>c__DisplayClass3b.<BeginInvokeActionMethodWithFilters>b__35()
   at System.Web.Mvc.Async.AsyncControllerActionInvoker.<>c__DisplayClass37.<BeginInvokeActionMethodWithFilters>b__31(AsyncCallback asyncCallback, Object asyncState)
   at System.Web.Mvc.Async.AsyncResultWrapper.WrappedAsyncResult`1.Begin(AsyncCallback callback, Object state, Int32 timeout)
   at System.Web.Mvc.Async.AsyncResultWrapper.Begin[TResult](AsyncCallback callback, Object state, BeginInvokeDelegate beginDelegate, EndInvokeDelegate`1 endDelegate, Object tag, Int32 timeout)
   at System.Web.Mvc.Async.AsyncResultWrapper.Begin[TResult](AsyncCallback callback, Object state, BeginInvokeDelegate beginDelegate, EndInvokeDelegate`1 endDelegate, Object tag)
   at System.Web.Mvc.Async.AsyncControllerActionInvoker.BeginInvokeActionMethodWithFilters(ControllerContext controllerContext, IList`1 filters, ActionDescriptor actionDescriptor, IDictionary`2 parameters, AsyncCallback callback, Object state)
   at System.Web.Mvc.Async.AsyncControllerActionInvoker.<>c__DisplayClass25.<BeginInvokeAction>b__1e(AsyncCallback asyncCallback, Object asyncState)
INFO  - [12/30/2015 11:09:AM][Application_Error][][][][START]

INFO  - [12/30/2015 11:09:AM][Application_Error][][][][END]

INFO  - [12/30/2015 11:36:AM][Application_Start][][][][START]

INFO  - [12/30/2015 11:36:AM][RegisterGlobalFilters][][][][START]

INFO  - [12/30/2015 11:36:AM][RegisterGlobalFilters][][][][END]

INFO  - [12/30/2015 11:36:AM][Application_Start][][][][END]

ERROR - [12/30/2015 11:36:AM][Gulliver.DoCol.Areas.DCW.Controllers.DCW003Controller.DCW003Index][][][::1][GLV_SYS_LoginException]
   at Gulliver.DoCol.Controllers.BaseController.OnActionExecuting(ActionExecutingContext filterContext) in d:\glv_docol\03.Source Code\1.Development\DoCol\Gulliver.DoCol\Controllers\BaseController.cs:line 131
   at System.Web.Mvc.Controller.System.Web.Mvc.IActionFilter.OnActionExecuting(ActionExecutingContext filterContext)
   at System.Web.Mvc.Async.AsyncControllerActionInvoker.InvokeActionMethodFilterAsynchronously(IActionFilter filter, ActionExecutingContext preContext, Func`1 nextInChain)
   at System.Web.Mvc.Async.AsyncControllerActionInvoker.<>c__DisplayClass37.<>c__DisplayClass39.<>c__DisplayClass3b.<BeginInvokeActionMethodWithFilters>b__35()
   at System.Web.Mvc.Async.AsyncControllerActionInvoker.<>c__DisplayClass37.<BeginInvokeActionMethodWithFilters>b__31(AsyncCallback asyncCallback, Object asyncState)
   at System.Web.Mvc.Async.AsyncResultWrapper.WrappedAsyncResult`1.Begin(AsyncCallback callback, Object state, Int32 timeout)
   at System.Web.Mvc.Async.AsyncResultWrapper.Begin[TResult](AsyncCallback callback, Object state, BeginInvokeDelegate beginDelegate, EndInvokeDelegate`1 endDelegate, Object tag, Int32 timeout)
   at System.Web.Mvc.Async.AsyncResultWrapper.Begin[TResult](AsyncCallback callback, Object state, BeginInvokeDelegate beginDelegate, EndInvokeDelegate`1 endDelegate, Object tag)
   at System.Web.Mvc.Async.AsyncControllerActionInvoker.BeginInvokeActionMethodWithFilters(ControllerContext controllerContext, IList`1 filters, ActionDescriptor actionDescriptor, IDictionary`2 parameters, AsyncCallback callback, Object state)
   at System.Web.Mvc.Async.AsyncControllerActionInvoker.<>c__DisplayClass25.<BeginInvokeAction>b__1e(AsyncCallback asyncCallback, Object asyncState)
INFO  - [12/30/2015 11:36:AM][Application_Error][][][][START]

INFO  - [12/30/2015 11:36:AM][Application_Error][][][][END]

INFO  - [12/30/2015 02:22:PM][Application_Start][][][][START]

INFO  - [12/30/2015 02:22:PM][RegisterGlobalFilters][][][][START]

INFO  - [12/30/2015 02:22:PM][RegisterGlobalFilters][][][][END]

INFO  - [12/30/2015 02:22:PM][Application_Start][][][][END]

ERROR - [12/30/2015 02:22:PM][Gulliver.DoCol.Areas.DCW.Controllers.DCW003Controller.DCW003Index][][][::1][GLV_SYS_LoginException]
   at Gulliver.DoCol.Controllers.BaseController.OnActionExecuting(ActionExecutingContext filterContext) in d:\glv_docol\03.Source Code\1.Development\DoCol\Gulliver.DoCol\Controllers\BaseController.cs:line 131
   at System.Web.Mvc.Controller.System.Web.Mvc.IActionFilter.OnActionExecuting(ActionExecutingContext filterContext)
   at System.Web.Mvc.Async.AsyncControllerActionInvoker.InvokeActionMethodFilterAsynchronously(IActionFilter filter, ActionExecutingContext preContext, Func`1 nextInChain)
   at System.Web.Mvc.Async.AsyncControllerActionInvoker.<>c__DisplayClass37.<>c__DisplayClass39.<>c__DisplayClass3b.<BeginInvokeActionMethodWithFilters>b__35()
   at System.Web.Mvc.Async.AsyncControllerActionInvoker.<>c__DisplayClass37.<BeginInvokeActionMethodWithFilters>b__31(AsyncCallback asyncCallback, Object asyncState)
   at System.Web.Mvc.Async.AsyncResultWrapper.WrappedAsyncResult`1.Begin(AsyncCallback callback, Object state, Int32 timeout)
   at System.Web.Mvc.Async.AsyncControllerActionInvoker.BeginInvokeActionMethodWithFilters(ControllerContext controllerContext, IList`1 filters, ActionDescriptor actionDescriptor, IDictionary`2 parameters, AsyncCallback callback, Object state)
   at System.Web.Mvc.Async.AsyncControllerActionInvoker.<>c__DisplayClass25.<BeginInvokeAction>b__1e(AsyncCallback asyncCallback, Object asyncState)
INFO  - [12/30/2015 02:22:PM][Application_Error][][][][START]

INFO  - [12/30/2015 02:22:PM][Application_Error][][][][END]

INFO  - [12/30/2015 03:22:PM][Application_Start][][][][START]

INFO  - [12/30/2015 03:22:PM][RegisterGlobalFilters][][][][START]

INFO  - [12/30/2015 03:22:PM][RegisterGlobalFilters][][][][END]

INFO  - [12/30/2015 03:22:PM][Application_Start][][][][END]

ERROR - [12/30/2015 05:18:PM][Gulliver.DoCol.Areas.DCW.Controllers.DCW003Controller.DCW003Index][][][::1][GLV_SYS_LoginException]
   at Gulliver.DoCol.Controllers.BaseController.OnActionExecuting(ActionExecutingContext filterContext) in d:\glv_docol\03.Source Code\1.Development\DoCol\Gulliver.DoCol\Controllers\BaseController.cs:line 131
   at System.Web.Mvc.Controller.System.Web.Mvc.IActionFilter.OnActionExecuting(ActionExecutingContext filterContext)
   at System.Web.Mvc.Async.AsyncControllerActionInvoker.InvokeActionMethodFilterAsynchronously(IActionFilter filter, ActionExecutingContext preContext, Func`1 nextInChain)
   at System.Web.Mvc.Async.AsyncControllerActionInvoker.<>c__DisplayClass37.<>c__DisplayClass39.<>c__DisplayClass3b.<BeginInvokeActionMethodWithFilters>b__35()
   at System.Web.Mvc.Async.AsyncControllerActionInvoker.<>c__DisplayClass37.<BeginInvokeActionMethodWithFilters>b__31(AsyncCallback asyncCallback, Object asyncState)
   at System.Web.Mvc.Async.AsyncResultWrapper.WrappedAsyncResult`1.Begin(AsyncCallback callback, Object state, Int32 timeout)
   at System.Web.Mvc.Async.AsyncResultWrapper.Begin[TResult](AsyncCallback callback, Object state, BeginInvokeDelegate beginDelegate, EndInvokeDelegate`1 endDelegate, Object tag, Int32 timeout)
   at System.Web.Mvc.Async.AsyncResultWrapper.Begin[TResult](AsyncCallback callback, Object state, BeginInvokeDelegate beginDelegate, EndInvokeDelegate`1 endDelegate, Object tag)
   at System.Web.Mvc.Async.AsyncControllerActionInvoker.BeginInvokeActionMethodWithFilters(ControllerContext controllerContext, IList`1 filters, ActionDescriptor actionDescriptor, IDictionary`2 parameters, AsyncCallback callback, Object state)
   at System.Web.Mvc.Async.AsyncControllerActionInvoker.<>c__DisplayClass25.<BeginInvokeAction>b__1e(AsyncCallback asyncCallback, Object asyncState)
INFO  - [12/30/2015 05:18:PM][Application_Error][][][][START]

INFO  - [12/30/2015 05:18:PM][Application_Error][][][][END]

